2013-08-06 10:42:05,594 - Log4JLogChute initialized using file 'velocity.log'
2013-08-06 10:42:05,604 - Initializing Velocity, Calling init()...
2013-08-06 10:42:05,604 - Starting Apache Velocity v1.7 (compiled: 2010-11-19 12:14:37)
2013-08-06 10:42:05,604 - Default Properties File: org\apache\velocity\runtime\defaults\velocity.properties
2013-08-06 10:42:05,604 - Trying to use logger class org.apache.velocity.runtime.log.AvalonLogChute
2013-08-06 10:42:05,604 - Target log system for org.apache.velocity.runtime.log.AvalonLogChute is not available (java.lang.NoClassDefFoundError: org/apache/log/format/Formatter).  Falling back to next log system...
2013-08-06 10:42:05,604 - Trying to use logger class org.apache.velocity.runtime.log.Log4JLogChute
2013-08-06 10:42:05,604 - Using logger class org.apache.velocity.runtime.log.Log4JLogChute
2013-08-06 10:42:05,604 - ResourceLoader instantiated: org.apache.velocity.runtime.resource.loader.FileResourceLoader
2013-08-06 10:42:05,614 - Do unicode file recognition:  false
2013-08-06 10:42:05,614 - FileResourceLoader : adding path '.'
2013-08-06 10:45:37,100 - Log4JLogChute initialized using file 'velocity.log'
2013-08-06 10:45:37,100 - Initializing Velocity, Calling init()...
2013-08-06 10:45:37,100 - Starting Apache Velocity v1.7 (compiled: 2010-11-19 12:14:37)
2013-08-06 10:45:37,100 - Default Properties File: org\apache\velocity\runtime\defaults\velocity.properties
2013-08-06 10:45:37,100 - Trying to use logger class org.apache.velocity.runtime.log.AvalonLogChute
2013-08-06 10:45:37,100 - Target log system for org.apache.velocity.runtime.log.AvalonLogChute is not available (java.lang.NoClassDefFoundError: org/apache/log/format/Formatter).  Falling back to next log system...
2013-08-06 10:45:37,100 - Trying to use logger class org.apache.velocity.runtime.log.Log4JLogChute
2013-08-06 10:45:37,100 - Using logger class org.apache.velocity.runtime.log.Log4JLogChute
2013-08-06 10:45:37,115 - ResourceLoader instantiated: org.apache.velocity.runtime.resource.loader.FileResourceLoader
2013-08-06 10:45:37,118 - Do unicode file recognition:  false
2013-08-06 10:45:37,119 - FileResourceLoader : adding path '.'
2013-08-06 10:45:37,182 - ResourceCache: initialized (class org.apache.velocity.runtime.resource.ResourceCacheImpl) with class java.util.Collections$SynchronizedMap cache map.
2013-08-06 10:45:37,182 - Loaded System Directive: org.apache.velocity.runtime.directive.Stop
2013-08-06 10:45:37,182 - Loaded System Directive: org.apache.velocity.runtime.directive.Define
2013-08-06 10:45:37,182 - Loaded System Directive: org.apache.velocity.runtime.directive.Break
2013-08-06 10:45:37,182 - Loaded System Directive: org.apache.velocity.runtime.directive.Evaluate
2013-08-06 10:45:37,182 - Loaded System Directive: org.apache.velocity.runtime.directive.Literal
2013-08-06 10:45:37,192 - Loaded System Directive: org.apache.velocity.runtime.directive.Macro
2013-08-06 10:45:37,192 - Loaded System Directive: org.apache.velocity.runtime.directive.Parse
2013-08-06 10:45:37,192 - Loaded System Directive: org.apache.velocity.runtime.directive.Include
2013-08-06 10:45:37,192 - Loaded System Directive: org.apache.velocity.runtime.directive.Foreach
2013-08-06 10:45:37,274 - Created '20' parsers.
2013-08-06 10:45:37,303 - Velocimacro : "velocimacro.library" is not set.  Trying default library: VM_global_library.vm
2013-08-06 10:45:37,304 - Velocimacro : Default library not found.
2013-08-06 10:45:37,304 - Velocimacro : allowInline = true : VMs can be defined inline in templates
2013-08-06 10:45:37,304 - Velocimacro : allowInlineToOverride = false : VMs defined inline may NOT replace previous VM definitions
2013-08-06 10:45:37,304 - Velocimacro : allowInlineLocal = false : VMs defined inline will be global in scope if allowed.
2013-08-06 10:45:37,304 - Velocimacro : autoload off : VM system will not automatically reload global library macros
2013-08-06 10:46:11,312 - Log4JLogChute initialized using file 'velocity.log'
2013-08-06 10:46:11,312 - Initializing Velocity, Calling init()...
2013-08-06 10:46:11,312 - Starting Apache Velocity v1.7 (compiled: 2010-11-19 12:14:37)
2013-08-06 10:46:11,312 - Default Properties File: org\apache\velocity\runtime\defaults\velocity.properties
2013-08-06 10:46:11,312 - Trying to use logger class org.apache.velocity.runtime.log.AvalonLogChute
2013-08-06 10:46:11,312 - Target log system for org.apache.velocity.runtime.log.AvalonLogChute is not available (java.lang.NoClassDefFoundError: org/apache/log/format/Formatter).  Falling back to next log system...
2013-08-06 10:46:11,312 - Trying to use logger class org.apache.velocity.runtime.log.Log4JLogChute
2013-08-06 10:46:11,312 - Using logger class org.apache.velocity.runtime.log.Log4JLogChute
2013-08-06 10:46:11,322 - ResourceLoader instantiated: org.apache.velocity.runtime.resource.loader.FileResourceLoader
2013-08-06 10:46:11,322 - Do unicode file recognition:  false
2013-08-06 10:46:11,322 - FileResourceLoader : adding path '.'
2013-08-06 10:46:11,342 - ResourceCache: initialized (class org.apache.velocity.runtime.resource.ResourceCacheImpl) with class java.util.Collections$SynchronizedMap cache map.
2013-08-06 10:46:11,342 - Loaded System Directive: org.apache.velocity.runtime.directive.Stop
2013-08-06 10:46:11,342 - Loaded System Directive: org.apache.velocity.runtime.directive.Define
2013-08-06 10:46:11,342 - Loaded System Directive: org.apache.velocity.runtime.directive.Break
2013-08-06 10:46:11,352 - Loaded System Directive: org.apache.velocity.runtime.directive.Evaluate
2013-08-06 10:46:11,352 - Loaded System Directive: org.apache.velocity.runtime.directive.Literal
2013-08-06 10:46:11,352 - Loaded System Directive: org.apache.velocity.runtime.directive.Macro
2013-08-06 10:46:11,352 - Loaded System Directive: org.apache.velocity.runtime.directive.Parse
2013-08-06 10:46:11,352 - Loaded System Directive: org.apache.velocity.runtime.directive.Include
2013-08-06 10:46:11,352 - Loaded System Directive: org.apache.velocity.runtime.directive.Foreach
2013-08-06 10:46:11,402 - Created '20' parsers.
2013-08-06 10:46:11,412 - Velocimacro : "velocimacro.library" is not set.  Trying default library: VM_global_library.vm
2013-08-06 10:46:11,412 - Velocimacro : Default library not found.
2013-08-06 10:46:11,412 - Velocimacro : allowInline = true : VMs can be defined inline in templates
2013-08-06 10:46:11,412 - Velocimacro : allowInlineToOverride = false : VMs defined inline may NOT replace previous VM definitions
2013-08-06 10:46:11,412 - Velocimacro : allowInlineLocal = false : VMs defined inline will be global in scope if allowed.
2013-08-06 10:46:11,412 - Velocimacro : autoload off : VM system will not automatically reload global library macros
2013-08-06 10:46:49,734 - Log4JLogChute initialized using file 'velocity.log'
2013-08-06 10:46:49,734 - Initializing Velocity, Calling init()...
2013-08-06 10:46:49,734 - Starting Apache Velocity v1.7 (compiled: 2010-11-19 12:14:37)
2013-08-06 10:46:49,734 - Default Properties File: org\apache\velocity\runtime\defaults\velocity.properties
2013-08-06 10:46:49,734 - Trying to use logger class org.apache.velocity.runtime.log.AvalonLogChute
2013-08-06 10:46:49,734 - Target log system for org.apache.velocity.runtime.log.AvalonLogChute is not available (java.lang.NoClassDefFoundError: org/apache/log/format/Formatter).  Falling back to next log system...
2013-08-06 10:46:49,734 - Trying to use logger class org.apache.velocity.runtime.log.Log4JLogChute
2013-08-06 10:46:49,734 - Using logger class org.apache.velocity.runtime.log.Log4JLogChute
2013-08-06 10:46:49,744 - ResourceLoader instantiated: org.apache.velocity.runtime.resource.loader.FileResourceLoader
2013-08-06 10:46:49,744 - Do unicode file recognition:  false
2013-08-06 10:46:49,744 - FileResourceLoader : adding path '.'
2013-08-06 10:46:49,764 - ResourceCache: initialized (class org.apache.velocity.runtime.resource.ResourceCacheImpl) with class java.util.Collections$SynchronizedMap cache map.
2013-08-06 10:46:49,764 - Loaded System Directive: org.apache.velocity.runtime.directive.Stop
2013-08-06 10:46:49,764 - Loaded System Directive: org.apache.velocity.runtime.directive.Define
2013-08-06 10:46:49,764 - Loaded System Directive: org.apache.velocity.runtime.directive.Break
2013-08-06 10:46:49,774 - Loaded System Directive: org.apache.velocity.runtime.directive.Evaluate
2013-08-06 10:46:49,774 - Loaded System Directive: org.apache.velocity.runtime.directive.Literal
2013-08-06 10:46:49,774 - Loaded System Directive: org.apache.velocity.runtime.directive.Macro
2013-08-06 10:46:49,774 - Loaded System Directive: org.apache.velocity.runtime.directive.Parse
2013-08-06 10:46:49,774 - Loaded System Directive: org.apache.velocity.runtime.directive.Include
2013-08-06 10:46:49,774 - Loaded System Directive: org.apache.velocity.runtime.directive.Foreach
2013-08-06 10:46:49,824 - Created '20' parsers.
2013-08-06 10:46:49,834 - Velocimacro : "velocimacro.library" is not set.  Trying default library: VM_global_library.vm
2013-08-06 10:46:49,834 - Velocimacro : Default library not found.
2013-08-06 10:46:49,834 - Velocimacro : allowInline = true : VMs can be defined inline in templates
2013-08-06 10:46:49,834 - Velocimacro : allowInlineToOverride = false : VMs defined inline may NOT replace previous VM definitions
2013-08-06 10:46:49,834 - Velocimacro : allowInlineLocal = false : VMs defined inline will be global in scope if allowed.
2013-08-06 10:46:49,834 - Velocimacro : autoload off : VM system will not automatically reload global library macros
2013-08-06 11:09:51,496 - Log4JLogChute initialized using file 'velocity.log'
2013-08-06 11:09:51,497 - Initializing Velocity, Calling init()...
2013-08-06 11:09:51,497 - Starting Apache Velocity v1.7 (compiled: 2010-11-19 12:14:37)
2013-08-06 11:09:51,497 - Default Properties File: org\apache\velocity\runtime\defaults\velocity.properties
2013-08-06 11:09:51,498 - Trying to use logger class org.apache.velocity.runtime.log.AvalonLogChute
2013-08-06 11:09:51,498 - Target log system for org.apache.velocity.runtime.log.AvalonLogChute is not available (java.lang.NoClassDefFoundError: org/apache/log/format/Formatter).  Falling back to next log system...
2013-08-06 11:09:51,498 - Trying to use logger class org.apache.velocity.runtime.log.Log4JLogChute
2013-08-06 11:09:51,498 - Using logger class org.apache.velocity.runtime.log.Log4JLogChute
2013-08-06 11:09:51,505 - ResourceLoader instantiated: org.apache.velocity.runtime.resource.loader.FileResourceLoader
2013-08-06 11:09:51,507 - Do unicode file recognition:  false
2013-08-06 11:09:51,507 - FileResourceLoader : adding path '.'
2013-08-06 11:09:51,518 - ResourceCache: initialized (class org.apache.velocity.runtime.resource.ResourceCacheImpl) with class java.util.Collections$SynchronizedMap cache map.
2013-08-06 11:09:51,518 - Loaded System Directive: org.apache.velocity.runtime.directive.Stop
2013-08-06 11:09:51,528 - Loaded System Directive: org.apache.velocity.runtime.directive.Define
2013-08-06 11:09:51,528 - Loaded System Directive: org.apache.velocity.runtime.directive.Break
2013-08-06 11:09:51,528 - Loaded System Directive: org.apache.velocity.runtime.directive.Evaluate
2013-08-06 11:09:51,528 - Loaded System Directive: org.apache.velocity.runtime.directive.Literal
2013-08-06 11:09:51,528 - Loaded System Directive: org.apache.velocity.runtime.directive.Macro
2013-08-06 11:09:51,528 - Loaded System Directive: org.apache.velocity.runtime.directive.Parse
2013-08-06 11:09:51,538 - Loaded System Directive: org.apache.velocity.runtime.directive.Include
2013-08-06 11:09:51,538 - Loaded System Directive: org.apache.velocity.runtime.directive.Foreach
2013-08-06 11:09:51,588 - Created '20' parsers.
2013-08-06 11:09:51,598 - Velocimacro : "velocimacro.library" is not set.  Trying default library: VM_global_library.vm
2013-08-06 11:09:51,598 - Velocimacro : Default library not found.
2013-08-06 11:09:51,598 - Velocimacro : allowInline = true : VMs can be defined inline in templates
2013-08-06 11:09:51,598 - Velocimacro : allowInlineToOverride = false : VMs defined inline may NOT replace previous VM definitions
2013-08-06 11:09:51,598 - Velocimacro : allowInlineLocal = false : VMs defined inline will be global in scope if allowed.
2013-08-06 11:09:51,598 - Velocimacro : autoload off : VM system will not automatically reload global library macros
2013-08-06 11:09:51,920 - Log4JLogChute initialized using file 'velocity.log'
2013-08-06 11:09:51,920 - Initializing Velocity, Calling init()...
2013-08-06 11:09:51,920 - Starting Apache Velocity v1.7 (compiled: 2010-11-19 12:14:37)
2013-08-06 11:09:51,920 - Default Properties File: org\apache\velocity\runtime\defaults\velocity.properties
2013-08-06 11:09:51,920 - Trying to use logger class org.apache.velocity.runtime.log.AvalonLogChute
2013-08-06 11:09:51,920 - Target log system for org.apache.velocity.runtime.log.AvalonLogChute is not available (java.lang.NoClassDefFoundError: org/apache/log/format/Formatter).  Falling back to next log system...
2013-08-06 11:09:51,920 - Trying to use logger class org.apache.velocity.runtime.log.Log4JLogChute
2013-08-06 11:09:51,920 - Using logger class org.apache.velocity.runtime.log.Log4JLogChute
2013-08-06 11:09:51,920 - ResourceLoader instantiated: org.apache.velocity.runtime.resource.loader.FileResourceLoader
2013-08-06 11:09:51,920 - Do unicode file recognition:  false
2013-08-06 11:09:51,920 - FileResourceLoader : adding path '.'
2013-08-06 11:09:51,920 - ResourceCache: initialized (class org.apache.velocity.runtime.resource.ResourceCacheImpl) with class java.util.Collections$SynchronizedMap cache map.
2013-08-06 11:09:51,920 - Loaded System Directive: org.apache.velocity.runtime.directive.Stop
2013-08-06 11:09:51,920 - Loaded System Directive: org.apache.velocity.runtime.directive.Define
2013-08-06 11:09:51,920 - Loaded System Directive: org.apache.velocity.runtime.directive.Break
2013-08-06 11:09:51,920 - Loaded System Directive: org.apache.velocity.runtime.directive.Evaluate
2013-08-06 11:09:51,920 - Loaded System Directive: org.apache.velocity.runtime.directive.Literal
2013-08-06 11:09:51,920 - Loaded System Directive: org.apache.velocity.runtime.directive.Macro
2013-08-06 11:09:51,920 - Loaded System Directive: org.apache.velocity.runtime.directive.Parse
2013-08-06 11:09:51,920 - Loaded System Directive: org.apache.velocity.runtime.directive.Include
2013-08-06 11:09:51,920 - Loaded System Directive: org.apache.velocity.runtime.directive.Foreach
2013-08-06 11:09:51,920 - Created '20' parsers.
2013-08-06 11:09:51,920 - Velocimacro : "velocimacro.library" is not set.  Trying default library: VM_global_library.vm
2013-08-06 11:09:51,920 - Velocimacro : Default library not found.
2013-08-06 11:09:51,920 - Velocimacro : allowInline = true : VMs can be defined inline in templates
2013-08-06 11:09:51,920 - Velocimacro : allowInlineToOverride = false : VMs defined inline may NOT replace previous VM definitions
2013-08-06 11:09:51,920 - Velocimacro : allowInlineLocal = false : VMs defined inline will be global in scope if allowed.
2013-08-06 11:09:51,920 - Velocimacro : autoload off : VM system will not automatically reload global library macros
2013-08-06 11:09:51,940 - Log4JLogChute initialized using file 'velocity.log'
2013-08-06 11:09:51,940 - Log4JLogChute initialized using file 'velocity.log'
2013-08-06 11:09:51,940 - Initializing Velocity, Calling init()...
2013-08-06 11:09:51,940 - Initializing Velocity, Calling init()...
2013-08-06 11:09:51,940 - Starting Apache Velocity v1.7 (compiled: 2010-11-19 12:14:37)
2013-08-06 11:09:51,940 - Starting Apache Velocity v1.7 (compiled: 2010-11-19 12:14:37)
2013-08-06 11:09:51,940 - Default Properties File: org\apache\velocity\runtime\defaults\velocity.properties
2013-08-06 11:09:51,940 - Default Properties File: org\apache\velocity\runtime\defaults\velocity.properties
2013-08-06 11:09:51,940 - Trying to use logger class org.apache.velocity.runtime.log.AvalonLogChute
2013-08-06 11:09:51,940 - Trying to use logger class org.apache.velocity.runtime.log.AvalonLogChute
2013-08-06 11:09:51,940 - Target log system for org.apache.velocity.runtime.log.AvalonLogChute is not available (java.lang.NoClassDefFoundError: org/apache/log/format/Formatter).  Falling back to next log system...
2013-08-06 11:09:51,940 - Target log system for org.apache.velocity.runtime.log.AvalonLogChute is not available (java.lang.NoClassDefFoundError: org/apache/log/format/Formatter).  Falling back to next log system...
2013-08-06 11:09:51,940 - Trying to use logger class org.apache.velocity.runtime.log.Log4JLogChute
2013-08-06 11:09:51,940 - Trying to use logger class org.apache.velocity.runtime.log.Log4JLogChute
2013-08-06 11:09:51,940 - Using logger class org.apache.velocity.runtime.log.Log4JLogChute
2013-08-06 11:09:51,940 - Using logger class org.apache.velocity.runtime.log.Log4JLogChute
2013-08-06 11:09:51,940 - ResourceLoader instantiated: org.apache.velocity.runtime.resource.loader.FileResourceLoader
2013-08-06 11:09:51,940 - ResourceLoader instantiated: org.apache.velocity.runtime.resource.loader.FileResourceLoader
2013-08-06 11:09:51,940 - Do unicode file recognition:  false
2013-08-06 11:09:51,940 - Do unicode file recognition:  false
2013-08-06 11:09:51,940 - FileResourceLoader : adding path '.'
2013-08-06 11:09:51,940 - FileResourceLoader : adding path '.'
2013-08-06 11:09:51,940 - ResourceCache: initialized (class org.apache.velocity.runtime.resource.ResourceCacheImpl) with class java.util.Collections$SynchronizedMap cache map.
2013-08-06 11:09:51,940 - ResourceCache: initialized (class org.apache.velocity.runtime.resource.ResourceCacheImpl) with class java.util.Collections$SynchronizedMap cache map.
2013-08-06 11:09:51,940 - Loaded System Directive: org.apache.velocity.runtime.directive.Stop
2013-08-06 11:09:51,940 - Loaded System Directive: org.apache.velocity.runtime.directive.Stop
2013-08-06 11:09:51,940 - Loaded System Directive: org.apache.velocity.runtime.directive.Define
2013-08-06 11:09:51,940 - Loaded System Directive: org.apache.velocity.runtime.directive.Define
2013-08-06 11:09:51,940 - Loaded System Directive: org.apache.velocity.runtime.directive.Break
2013-08-06 11:09:51,940 - Loaded System Directive: org.apache.velocity.runtime.directive.Break
2013-08-06 11:09:51,940 - Loaded System Directive: org.apache.velocity.runtime.directive.Evaluate
2013-08-06 11:09:51,940 - Loaded System Directive: org.apache.velocity.runtime.directive.Evaluate
2013-08-06 11:09:51,950 - Loaded System Directive: org.apache.velocity.runtime.directive.Literal
2013-08-06 11:09:51,950 - Loaded System Directive: org.apache.velocity.runtime.directive.Literal
2013-08-06 11:09:51,950 - Loaded System Directive: org.apache.velocity.runtime.directive.Macro
2013-08-06 11:09:51,950 - Loaded System Directive: org.apache.velocity.runtime.directive.Macro
2013-08-06 11:09:51,950 - Loaded System Directive: org.apache.velocity.runtime.directive.Parse
2013-08-06 11:09:51,950 - Loaded System Directive: org.apache.velocity.runtime.directive.Parse
2013-08-06 11:09:51,950 - Loaded System Directive: org.apache.velocity.runtime.directive.Include
2013-08-06 11:09:51,950 - Loaded System Directive: org.apache.velocity.runtime.directive.Include
2013-08-06 11:09:51,950 - Loaded System Directive: org.apache.velocity.runtime.directive.Foreach
2013-08-06 11:09:51,950 - Loaded System Directive: org.apache.velocity.runtime.directive.Foreach
2013-08-06 11:09:51,971 - Created '20' parsers.
2013-08-06 11:09:51,971 - Created '20' parsers.
2013-08-06 11:09:51,972 - Velocimacro : "velocimacro.library" is not set.  Trying default library: VM_global_library.vm
2013-08-06 11:09:51,972 - Velocimacro : "velocimacro.library" is not set.  Trying default library: VM_global_library.vm
2013-08-06 11:09:51,972 - Velocimacro : Default library not found.
2013-08-06 11:09:51,972 - Velocimacro : Default library not found.
2013-08-06 11:09:51,972 - Velocimacro : allowInline = true : VMs can be defined inline in templates
2013-08-06 11:09:51,972 - Velocimacro : allowInline = true : VMs can be defined inline in templates
2013-08-06 11:09:51,972 - Velocimacro : allowInlineToOverride = false : VMs defined inline may NOT replace previous VM definitions
2013-08-06 11:09:51,972 - Velocimacro : allowInlineToOverride = false : VMs defined inline may NOT replace previous VM definitions
2013-08-06 11:09:51,972 - Velocimacro : allowInlineLocal = false : VMs defined inline will be global in scope if allowed.
2013-08-06 11:09:51,972 - Velocimacro : allowInlineLocal = false : VMs defined inline will be global in scope if allowed.
2013-08-06 11:09:51,972 - Velocimacro : autoload off : VM system will not automatically reload global library macros
2013-08-06 11:09:51,972 - Velocimacro : autoload off : VM system will not automatically reload global library macros
2013-08-06 11:42:19,396 - Log4JLogChute initialized using file 'velocity.log'
2013-08-06 11:42:19,396 - Initializing Velocity, Calling init()...
2013-08-06 11:42:19,396 - Starting Apache Velocity v1.7 (compiled: 2010-11-19 12:14:37)
2013-08-06 11:42:19,396 - Default Properties File: org\apache\velocity\runtime\defaults\velocity.properties
2013-08-06 11:42:19,396 - Trying to use logger class org.apache.velocity.runtime.log.AvalonLogChute
2013-08-06 11:42:19,396 - Target log system for org.apache.velocity.runtime.log.AvalonLogChute is not available (java.lang.NoClassDefFoundError: org/apache/log/format/Formatter).  Falling back to next log system...
2013-08-06 11:42:19,396 - Trying to use logger class org.apache.velocity.runtime.log.Log4JLogChute
2013-08-06 11:42:19,396 - Using logger class org.apache.velocity.runtime.log.Log4JLogChute
2013-08-06 11:42:19,406 - ResourceLoader instantiated: org.apache.velocity.runtime.resource.loader.FileResourceLoader
2013-08-06 11:42:19,406 - Do unicode file recognition:  false
2013-08-06 11:42:19,406 - FileResourceLoader : adding path '.'
2013-08-06 11:42:19,416 - ResourceCache: initialized (class org.apache.velocity.runtime.resource.ResourceCacheImpl) with class java.util.Collections$SynchronizedMap cache map.
2013-08-06 11:42:19,426 - Loaded System Directive: org.apache.velocity.runtime.directive.Stop
2013-08-06 11:42:19,426 - Loaded System Directive: org.apache.velocity.runtime.directive.Define
2013-08-06 11:42:19,426 - Loaded System Directive: org.apache.velocity.runtime.directive.Break
2013-08-06 11:42:19,426 - Loaded System Directive: org.apache.velocity.runtime.directive.Evaluate
2013-08-06 11:42:19,426 - Loaded System Directive: org.apache.velocity.runtime.directive.Literal
2013-08-06 11:42:19,426 - Loaded System Directive: org.apache.velocity.runtime.directive.Macro
2013-08-06 11:42:19,436 - Loaded System Directive: org.apache.velocity.runtime.directive.Parse
2013-08-06 11:42:19,436 - Loaded System Directive: org.apache.velocity.runtime.directive.Include
2013-08-06 11:42:19,436 - Loaded System Directive: org.apache.velocity.runtime.directive.Foreach
2013-08-06 11:42:19,476 - Created '20' parsers.
2013-08-06 11:42:19,486 - Velocimacro : "velocimacro.library" is not set.  Trying default library: VM_global_library.vm
2013-08-06 11:42:19,486 - Velocimacro : Default library not found.
2013-08-06 11:42:19,486 - Velocimacro : allowInline = true : VMs can be defined inline in templates
2013-08-06 11:42:19,486 - Velocimacro : allowInlineToOverride = false : VMs defined inline may NOT replace previous VM definitions
2013-08-06 11:42:19,486 - Velocimacro : allowInlineLocal = false : VMs defined inline will be global in scope if allowed.
2013-08-06 11:42:19,486 - Velocimacro : autoload off : VM system will not automatically reload global library macros
2013-08-06 11:42:19,738 - Log4JLogChute initialized using file 'velocity.log'
2013-08-06 11:42:19,738 - Initializing Velocity, Calling init()...
2013-08-06 11:42:19,738 - Starting Apache Velocity v1.7 (compiled: 2010-11-19 12:14:37)
2013-08-06 11:42:19,738 - Default Properties File: org\apache\velocity\runtime\defaults\velocity.properties
2013-08-06 11:42:19,738 - Trying to use logger class org.apache.velocity.runtime.log.AvalonLogChute
2013-08-06 11:42:19,738 - Target log system for org.apache.velocity.runtime.log.AvalonLogChute is not available (java.lang.NoClassDefFoundError: org/apache/log/format/Formatter).  Falling back to next log system...
2013-08-06 11:42:19,738 - Trying to use logger class org.apache.velocity.runtime.log.Log4JLogChute
2013-08-06 11:42:19,738 - Using logger class org.apache.velocity.runtime.log.Log4JLogChute
2013-08-06 11:42:19,738 - ResourceLoader instantiated: org.apache.velocity.runtime.resource.loader.FileResourceLoader
2013-08-06 11:42:19,738 - Do unicode file recognition:  false
2013-08-06 11:42:19,738 - FileResourceLoader : adding path '.'
2013-08-06 11:42:19,748 - ResourceCache: initialized (class org.apache.velocity.runtime.resource.ResourceCacheImpl) with class java.util.Collections$SynchronizedMap cache map.
2013-08-06 11:42:19,748 - Loaded System Directive: org.apache.velocity.runtime.directive.Stop
2013-08-06 11:42:19,748 - Loaded System Directive: org.apache.velocity.runtime.directive.Define
2013-08-06 11:42:19,748 - Loaded System Directive: org.apache.velocity.runtime.directive.Break
2013-08-06 11:42:19,748 - Loaded System Directive: org.apache.velocity.runtime.directive.Evaluate
2013-08-06 11:42:19,748 - Loaded System Directive: org.apache.velocity.runtime.directive.Literal
2013-08-06 11:42:19,748 - Loaded System Directive: org.apache.velocity.runtime.directive.Macro
2013-08-06 11:42:19,748 - Loaded System Directive: org.apache.velocity.runtime.directive.Parse
2013-08-06 11:42:19,748 - Loaded System Directive: org.apache.velocity.runtime.directive.Include
2013-08-06 11:42:19,748 - Loaded System Directive: org.apache.velocity.runtime.directive.Foreach
2013-08-06 11:42:19,748 - Created '20' parsers.
2013-08-06 11:42:19,748 - Velocimacro : "velocimacro.library" is not set.  Trying default library: VM_global_library.vm
2013-08-06 11:42:19,748 - Velocimacro : Default library not found.
2013-08-06 11:42:19,748 - Velocimacro : allowInline = true : VMs can be defined inline in templates
2013-08-06 11:42:19,748 - Velocimacro : allowInlineToOverride = false : VMs defined inline may NOT replace previous VM definitions
2013-08-06 11:42:19,748 - Velocimacro : allowInlineLocal = false : VMs defined inline will be global in scope if allowed.
2013-08-06 11:42:19,748 - Velocimacro : autoload off : VM system will not automatically reload global library macros
2013-08-06 11:42:19,758 - Log4JLogChute initialized using file 'velocity.log'
2013-08-06 11:42:19,758 - Log4JLogChute initialized using file 'velocity.log'
2013-08-06 11:42:19,758 - Initializing Velocity, Calling init()...
2013-08-06 11:42:19,758 - Initializing Velocity, Calling init()...
2013-08-06 11:42:19,758 - Starting Apache Velocity v1.7 (compiled: 2010-11-19 12:14:37)
2013-08-06 11:42:19,758 - Starting Apache Velocity v1.7 (compiled: 2010-11-19 12:14:37)
2013-08-06 11:42:19,758 - Default Properties File: org\apache\velocity\runtime\defaults\velocity.properties
2013-08-06 11:42:19,758 - Default Properties File: org\apache\velocity\runtime\defaults\velocity.properties
2013-08-06 11:42:19,768 - Trying to use logger class org.apache.velocity.runtime.log.AvalonLogChute
2013-08-06 11:42:19,768 - Trying to use logger class org.apache.velocity.runtime.log.AvalonLogChute
2013-08-06 11:42:19,768 - Target log system for org.apache.velocity.runtime.log.AvalonLogChute is not available (java.lang.NoClassDefFoundError: org/apache/log/format/Formatter).  Falling back to next log system...
2013-08-06 11:42:19,768 - Target log system for org.apache.velocity.runtime.log.AvalonLogChute is not available (java.lang.NoClassDefFoundError: org/apache/log/format/Formatter).  Falling back to next log system...
2013-08-06 11:42:19,768 - Trying to use logger class org.apache.velocity.runtime.log.Log4JLogChute
2013-08-06 11:42:19,768 - Trying to use logger class org.apache.velocity.runtime.log.Log4JLogChute
2013-08-06 11:42:19,768 - Using logger class org.apache.velocity.runtime.log.Log4JLogChute
2013-08-06 11:42:19,768 - Using logger class org.apache.velocity.runtime.log.Log4JLogChute
2013-08-06 11:42:19,768 - ResourceLoader instantiated: org.apache.velocity.runtime.resource.loader.FileResourceLoader
2013-08-06 11:42:19,768 - ResourceLoader instantiated: org.apache.velocity.runtime.resource.loader.FileResourceLoader
2013-08-06 11:42:19,768 - Do unicode file recognition:  false
2013-08-06 11:42:19,768 - Do unicode file recognition:  false
2013-08-06 11:42:19,768 - FileResourceLoader : adding path '.'
2013-08-06 11:42:19,768 - FileResourceLoader : adding path '.'
2013-08-06 11:42:19,768 - ResourceCache: initialized (class org.apache.velocity.runtime.resource.ResourceCacheImpl) with class java.util.Collections$SynchronizedMap cache map.
2013-08-06 11:42:19,768 - ResourceCache: initialized (class org.apache.velocity.runtime.resource.ResourceCacheImpl) with class java.util.Collections$SynchronizedMap cache map.
2013-08-06 11:42:19,768 - Loaded System Directive: org.apache.velocity.runtime.directive.Stop
2013-08-06 11:42:19,768 - Loaded System Directive: org.apache.velocity.runtime.directive.Stop
2013-08-06 11:42:19,768 - Loaded System Directive: org.apache.velocity.runtime.directive.Define
2013-08-06 11:42:19,768 - Loaded System Directive: org.apache.velocity.runtime.directive.Define
2013-08-06 11:42:19,768 - Loaded System Directive: org.apache.velocity.runtime.directive.Break
2013-08-06 11:42:19,768 - Loaded System Directive: org.apache.velocity.runtime.directive.Break
2013-08-06 11:42:19,768 - Loaded System Directive: org.apache.velocity.runtime.directive.Evaluate
2013-08-06 11:42:19,768 - Loaded System Directive: org.apache.velocity.runtime.directive.Evaluate
2013-08-06 11:42:19,778 - Loaded System Directive: org.apache.velocity.runtime.directive.Literal
2013-08-06 11:42:19,778 - Loaded System Directive: org.apache.velocity.runtime.directive.Literal
2013-08-06 11:42:19,778 - Loaded System Directive: org.apache.velocity.runtime.directive.Macro
2013-08-06 11:42:19,778 - Loaded System Directive: org.apache.velocity.runtime.directive.Macro
2013-08-06 11:42:19,778 - Loaded System Directive: org.apache.velocity.runtime.directive.Parse
2013-08-06 11:42:19,778 - Loaded System Directive: org.apache.velocity.runtime.directive.Parse
2013-08-06 11:42:19,778 - Loaded System Directive: org.apache.velocity.runtime.directive.Include
2013-08-06 11:42:19,778 - Loaded System Directive: org.apache.velocity.runtime.directive.Include
2013-08-06 11:42:19,778 - Loaded System Directive: org.apache.velocity.runtime.directive.Foreach
2013-08-06 11:42:19,778 - Loaded System Directive: org.apache.velocity.runtime.directive.Foreach
2013-08-06 11:42:19,797 - Created '20' parsers.
2013-08-06 11:42:19,797 - Created '20' parsers.
2013-08-06 11:42:19,797 - Velocimacro : "velocimacro.library" is not set.  Trying default library: VM_global_library.vm
2013-08-06 11:42:19,797 - Velocimacro : "velocimacro.library" is not set.  Trying default library: VM_global_library.vm
2013-08-06 11:42:19,797 - Velocimacro : Default library not found.
2013-08-06 11:42:19,797 - Velocimacro : allowInline = true : VMs can be defined inline in templates
2013-08-06 11:42:19,798 - Velocimacro : allowInlineToOverride = false : VMs defined inline may NOT replace previous VM definitions
2013-08-06 11:42:19,798 - Velocimacro : allowInlineLocal = false : VMs defined inline will be global in scope if allowed.
2013-08-06 11:42:19,798 - Velocimacro : autoload off : VM system will not automatically reload global library macros
2013-08-06 11:46:35,396 - Log4JLogChute initialized using file 'velocity.log'
2013-08-06 11:46:35,396 - Initializing Velocity, Calling init()...
2013-08-06 11:46:35,396 - Starting Apache Velocity v1.7 (compiled: 2010-11-19 12:14:37)
2013-08-06 11:46:35,397 - Default Properties File: org\apache\velocity\runtime\defaults\velocity.properties
2013-08-06 11:46:35,397 - Trying to use logger class org.apache.velocity.runtime.log.AvalonLogChute
2013-08-06 11:46:35,397 - Target log system for org.apache.velocity.runtime.log.AvalonLogChute is not available (java.lang.NoClassDefFoundError: org/apache/log/format/Formatter).  Falling back to next log system...
2013-08-06 11:46:35,397 - Trying to use logger class org.apache.velocity.runtime.log.Log4JLogChute
2013-08-06 11:46:35,398 - Using logger class org.apache.velocity.runtime.log.Log4JLogChute
2013-08-06 11:46:35,409 - ResourceLoader instantiated: org.apache.velocity.runtime.resource.loader.FileResourceLoader
2013-08-06 11:46:35,419 - Do unicode file recognition:  false
2013-08-06 11:46:35,419 - FileResourceLoader : adding path '.'
2013-08-06 11:46:35,469 - ResourceCache: initialized (class org.apache.velocity.runtime.resource.ResourceCacheImpl) with class java.util.Collections$SynchronizedMap cache map.
2013-08-06 11:46:35,479 - Loaded System Directive: org.apache.velocity.runtime.directive.Stop
2013-08-06 11:46:35,489 - Loaded System Directive: org.apache.velocity.runtime.directive.Define
2013-08-06 11:46:35,489 - Loaded System Directive: org.apache.velocity.runtime.directive.Break
2013-08-06 11:46:35,489 - Loaded System Directive: org.apache.velocity.runtime.directive.Evaluate
2013-08-06 11:46:35,499 - Loaded System Directive: org.apache.velocity.runtime.directive.Literal
2013-08-06 11:46:35,499 - Loaded System Directive: org.apache.velocity.runtime.directive.Macro
2013-08-06 11:46:35,509 - Loaded System Directive: org.apache.velocity.runtime.directive.Parse
2013-08-06 11:46:35,509 - Loaded System Directive: org.apache.velocity.runtime.directive.Include
2013-08-06 11:46:35,519 - Loaded System Directive: org.apache.velocity.runtime.directive.Foreach
2013-08-06 11:46:35,609 - Created '20' parsers.
2013-08-06 11:46:35,649 - Velocimacro : "velocimacro.library" is not set.  Trying default library: VM_global_library.vm
2013-08-06 11:46:35,649 - Velocimacro : Default library not found.
2013-08-06 11:46:35,649 - Velocimacro : allowInline = true : VMs can be defined inline in templates
2013-08-06 11:46:35,649 - Velocimacro : allowInlineToOverride = false : VMs defined inline may NOT replace previous VM definitions
2013-08-06 11:46:35,649 - Velocimacro : allowInlineLocal = false : VMs defined inline will be global in scope if allowed.
2013-08-06 11:46:35,649 - Velocimacro : autoload off : VM system will not automatically reload global library macros
2013-08-06 11:55:49,958 - Log4JLogChute initialized using file 'velocity.log'
2013-08-06 11:55:49,958 - Initializing Velocity, Calling init()...
2013-08-06 11:55:49,958 - Starting Apache Velocity v1.7 (compiled: 2010-11-19 12:14:37)
2013-08-06 11:55:49,958 - Default Properties File: org\apache\velocity\runtime\defaults\velocity.properties
2013-08-06 11:55:49,958 - Trying to use logger class org.apache.velocity.runtime.log.AvalonLogChute
2013-08-06 11:55:49,958 - Target log system for org.apache.velocity.runtime.log.AvalonLogChute is not available (java.lang.NoClassDefFoundError: org/apache/log/format/Formatter).  Falling back to next log system...
2013-08-06 11:55:49,958 - Trying to use logger class org.apache.velocity.runtime.log.Log4JLogChute
2013-08-06 11:55:49,958 - Using logger class org.apache.velocity.runtime.log.Log4JLogChute
2013-08-06 11:55:49,968 - ResourceLoader instantiated: org.apache.velocity.runtime.resource.loader.FileResourceLoader
2013-08-06 11:55:49,968 - Do unicode file recognition:  false
2013-08-06 11:55:49,968 - FileResourceLoader : adding path '.'
2013-08-06 11:55:49,978 - ResourceCache: initialized (class org.apache.velocity.runtime.resource.ResourceCacheImpl) with class java.util.Collections$SynchronizedMap cache map.
2013-08-06 11:55:49,988 - Loaded System Directive: org.apache.velocity.runtime.directive.Stop
2013-08-06 11:55:49,988 - Loaded System Directive: org.apache.velocity.runtime.directive.Define
2013-08-06 11:55:49,988 - Loaded System Directive: org.apache.velocity.runtime.directive.Break
2013-08-06 11:55:49,988 - Loaded System Directive: org.apache.velocity.runtime.directive.Evaluate
2013-08-06 11:55:49,988 - Loaded System Directive: org.apache.velocity.runtime.directive.Literal
2013-08-06 11:55:49,988 - Loaded System Directive: org.apache.velocity.runtime.directive.Macro
2013-08-06 11:55:49,988 - Loaded System Directive: org.apache.velocity.runtime.directive.Parse
2013-08-06 11:55:49,998 - Loaded System Directive: org.apache.velocity.runtime.directive.Include
2013-08-06 11:55:49,998 - Loaded System Directive: org.apache.velocity.runtime.directive.Foreach
2013-08-06 11:55:50,038 - Created '20' parsers.
2013-08-06 11:55:50,048 - Velocimacro : "velocimacro.library" is not set.  Trying default library: VM_global_library.vm
2013-08-06 11:55:50,048 - Velocimacro : Default library not found.
2013-08-06 11:55:50,048 - Velocimacro : allowInline = true : VMs can be defined inline in templates
2013-08-06 11:55:50,048 - Velocimacro : allowInlineToOverride = false : VMs defined inline may NOT replace previous VM definitions
2013-08-06 11:55:50,048 - Velocimacro : allowInlineLocal = false : VMs defined inline will be global in scope if allowed.
2013-08-06 11:55:50,048 - Velocimacro : autoload off : VM system will not automatically reload global library macros
2013-08-06 11:55:50,320 - Log4JLogChute initialized using file 'velocity.log'
2013-08-06 11:55:50,320 - Initializing Velocity, Calling init()...
2013-08-06 11:55:50,320 - Starting Apache Velocity v1.7 (compiled: 2010-11-19 12:14:37)
2013-08-06 11:55:50,320 - Default Properties File: org\apache\velocity\runtime\defaults\velocity.properties
2013-08-06 11:55:50,320 - Trying to use logger class org.apache.velocity.runtime.log.AvalonLogChute
2013-08-06 11:55:50,320 - Target log system for org.apache.velocity.runtime.log.AvalonLogChute is not available (java.lang.NoClassDefFoundError: org/apache/log/format/Formatter).  Falling back to next log system...
2013-08-06 11:55:50,320 - Trying to use logger class org.apache.velocity.runtime.log.Log4JLogChute
2013-08-06 11:55:50,320 - Using logger class org.apache.velocity.runtime.log.Log4JLogChute
2013-08-06 11:55:50,320 - ResourceLoader instantiated: org.apache.velocity.runtime.resource.loader.FileResourceLoader
2013-08-06 11:55:50,320 - Do unicode file recognition:  false
2013-08-06 11:55:50,320 - FileResourceLoader : adding path '.'
2013-08-06 11:55:50,320 - ResourceCache: initialized (class org.apache.velocity.runtime.resource.ResourceCacheImpl) with class java.util.Collections$SynchronizedMap cache map.
2013-08-06 11:55:50,320 - Loaded System Directive: org.apache.velocity.runtime.directive.Stop
2013-08-06 11:55:50,320 - Loaded System Directive: org.apache.velocity.runtime.directive.Define
2013-08-06 11:55:50,320 - Loaded System Directive: org.apache.velocity.runtime.directive.Break
2013-08-06 11:55:50,320 - Loaded System Directive: org.apache.velocity.runtime.directive.Evaluate
2013-08-06 11:55:50,320 - Loaded System Directive: org.apache.velocity.runtime.directive.Literal
2013-08-06 11:55:50,320 - Loaded System Directive: org.apache.velocity.runtime.directive.Macro
2013-08-06 11:55:50,320 - Loaded System Directive: org.apache.velocity.runtime.directive.Parse
2013-08-06 11:55:50,320 - Loaded System Directive: org.apache.velocity.runtime.directive.Include
2013-08-06 11:55:50,320 - Loaded System Directive: org.apache.velocity.runtime.directive.Foreach
2013-08-06 11:55:50,320 - Created '20' parsers.
2013-08-06 11:55:50,320 - Velocimacro : "velocimacro.library" is not set.  Trying default library: VM_global_library.vm
2013-08-06 11:55:50,320 - Velocimacro : Default library not found.
2013-08-06 11:55:50,320 - Velocimacro : allowInline = true : VMs can be defined inline in templates
2013-08-06 11:55:50,330 - Velocimacro : allowInlineToOverride = false : VMs defined inline may NOT replace previous VM definitions
2013-08-06 11:55:50,330 - Velocimacro : allowInlineLocal = false : VMs defined inline will be global in scope if allowed.
2013-08-06 11:55:50,330 - Velocimacro : autoload off : VM system will not automatically reload global library macros
2013-08-06 11:55:50,340 - Log4JLogChute initialized using file 'velocity.log'
2013-08-06 11:55:50,340 - Log4JLogChute initialized using file 'velocity.log'
2013-08-06 11:55:50,340 - Initializing Velocity, Calling init()...
2013-08-06 11:55:50,340 - Initializing Velocity, Calling init()...
2013-08-06 11:55:50,340 - Starting Apache Velocity v1.7 (compiled: 2010-11-19 12:14:37)
2013-08-06 11:55:50,340 - Starting Apache Velocity v1.7 (compiled: 2010-11-19 12:14:37)
2013-08-06 11:55:50,340 - Default Properties File: org\apache\velocity\runtime\defaults\velocity.properties
2013-08-06 11:55:50,340 - Default Properties File: org\apache\velocity\runtime\defaults\velocity.properties
2013-08-06 11:55:50,340 - Trying to use logger class org.apache.velocity.runtime.log.AvalonLogChute
2013-08-06 11:55:50,340 - Trying to use logger class org.apache.velocity.runtime.log.AvalonLogChute
2013-08-06 11:55:50,340 - Target log system for org.apache.velocity.runtime.log.AvalonLogChute is not available (java.lang.NoClassDefFoundError: org/apache/log/format/Formatter).  Falling back to next log system...
2013-08-06 11:55:50,340 - Target log system for org.apache.velocity.runtime.log.AvalonLogChute is not available (java.lang.NoClassDefFoundError: org/apache/log/format/Formatter).  Falling back to next log system...
2013-08-06 11:55:50,340 - Trying to use logger class org.apache.velocity.runtime.log.Log4JLogChute
2013-08-06 11:55:50,340 - Trying to use logger class org.apache.velocity.runtime.log.Log4JLogChute
2013-08-06 11:55:50,340 - Using logger class org.apache.velocity.runtime.log.Log4JLogChute
2013-08-06 11:55:50,340 - Using logger class org.apache.velocity.runtime.log.Log4JLogChute
2013-08-06 11:55:50,340 - ResourceLoader instantiated: org.apache.velocity.runtime.resource.loader.FileResourceLoader
2013-08-06 11:55:50,340 - ResourceLoader instantiated: org.apache.velocity.runtime.resource.loader.FileResourceLoader
2013-08-06 11:55:50,340 - Do unicode file recognition:  false
2013-08-06 11:55:50,340 - Do unicode file recognition:  false
2013-08-06 11:55:50,340 - FileResourceLoader : adding path '.'
2013-08-06 11:55:50,340 - FileResourceLoader : adding path '.'
2013-08-06 11:55:50,340 - ResourceCache: initialized (class org.apache.velocity.runtime.resource.ResourceCacheImpl) with class java.util.Collections$SynchronizedMap cache map.
2013-08-06 11:55:50,340 - ResourceCache: initialized (class org.apache.velocity.runtime.resource.ResourceCacheImpl) with class java.util.Collections$SynchronizedMap cache map.
2013-08-06 11:55:50,340 - Loaded System Directive: org.apache.velocity.runtime.directive.Stop
2013-08-06 11:55:50,340 - Loaded System Directive: org.apache.velocity.runtime.directive.Stop
2013-08-06 11:55:50,340 - Loaded System Directive: org.apache.velocity.runtime.directive.Define
2013-08-06 11:55:50,340 - Loaded System Directive: org.apache.velocity.runtime.directive.Define
2013-08-06 11:55:50,340 - Loaded System Directive: org.apache.velocity.runtime.directive.Break
2013-08-06 11:55:50,340 - Loaded System Directive: org.apache.velocity.runtime.directive.Break
2013-08-06 11:55:50,340 - Loaded System Directive: org.apache.velocity.runtime.directive.Evaluate
2013-08-06 11:55:50,340 - Loaded System Directive: org.apache.velocity.runtime.directive.Evaluate
2013-08-06 11:55:50,340 - Loaded System Directive: org.apache.velocity.runtime.directive.Literal
2013-08-06 11:55:50,340 - Loaded System Directive: org.apache.velocity.runtime.directive.Literal
2013-08-06 11:55:50,340 - Loaded System Directive: org.apache.velocity.runtime.directive.Macro
2013-08-06 11:55:50,340 - Loaded System Directive: org.apache.velocity.runtime.directive.Macro
2013-08-06 11:55:50,340 - Loaded System Directive: org.apache.velocity.runtime.directive.Parse
2013-08-06 11:55:50,340 - Loaded System Directive: org.apache.velocity.runtime.directive.Parse
2013-08-06 11:55:50,340 - Loaded System Directive: org.apache.velocity.runtime.directive.Include
2013-08-06 11:55:50,340 - Loaded System Directive: org.apache.velocity.runtime.directive.Include
2013-08-06 11:55:50,340 - Loaded System Directive: org.apache.velocity.runtime.directive.Foreach
2013-08-06 11:55:50,340 - Loaded System Directive: org.apache.velocity.runtime.directive.Foreach
2013-08-06 11:55:50,360 - Created '20' parsers.
2013-08-06 11:55:50,360 - Created '20' parsers.
2013-08-06 11:55:50,360 - Velocimacro : "velocimacro.library" is not set.  Trying default library: VM_global_library.vm
2013-08-06 11:55:50,360 - Velocimacro : "velocimacro.library" is not set.  Trying default library: VM_global_library.vm
2013-08-06 11:55:50,360 - Velocimacro : Default library not found.
2013-08-06 11:55:50,360 - Velocimacro : Default library not found.
2013-08-06 11:55:50,360 - Velocimacro : allowInline = true : VMs can be defined inline in templates
2013-08-06 11:55:50,360 - Velocimacro : allowInline = true : VMs can be defined inline in templates
2013-08-06 11:55:50,360 - Velocimacro : allowInlineToOverride = false : VMs defined inline may NOT replace previous VM definitions
2013-08-06 11:55:50,360 - Velocimacro : allowInlineToOverride = false : VMs defined inline may NOT replace previous VM definitions
2013-08-06 11:55:50,360 - Velocimacro : allowInlineLocal = false : VMs defined inline will be global in scope if allowed.
2013-08-06 11:55:50,360 - Velocimacro : allowInlineLocal = false : VMs defined inline will be global in scope if allowed.
2013-08-06 11:55:50,360 - Velocimacro : autoload off : VM system will not automatically reload global library macros
2013-08-06 11:55:50,360 - Velocimacro : autoload off : VM system will not automatically reload global library macros
2013-08-06 11:57:05,859 - Log4JLogChute initialized using file 'velocity.log'
2013-08-06 11:57:05,859 - Initializing Velocity, Calling init()...
2013-08-06 11:57:05,859 - Starting Apache Velocity v1.7 (compiled: 2010-11-19 12:14:37)
2013-08-06 11:57:05,859 - Default Properties File: org\apache\velocity\runtime\defaults\velocity.properties
2013-08-06 11:57:05,859 - Trying to use logger class org.apache.velocity.runtime.log.AvalonLogChute
2013-08-06 11:57:05,859 - Target log system for org.apache.velocity.runtime.log.AvalonLogChute is not available (java.lang.NoClassDefFoundError: org/apache/log/format/Formatter).  Falling back to next log system...
2013-08-06 11:57:05,859 - Trying to use logger class org.apache.velocity.runtime.log.Log4JLogChute
2013-08-06 11:57:05,859 - Using logger class org.apache.velocity.runtime.log.Log4JLogChute
2013-08-06 11:57:05,869 - ResourceLoader instantiated: org.apache.velocity.runtime.resource.loader.FileResourceLoader
2013-08-06 11:57:05,869 - Do unicode file recognition:  false
2013-08-06 11:57:05,869 - FileResourceLoader : adding path '.'
2013-08-06 11:57:05,879 - ResourceCache: initialized (class org.apache.velocity.runtime.resource.ResourceCacheImpl) with class java.util.Collections$SynchronizedMap cache map.
2013-08-06 11:57:05,889 - Loaded System Directive: org.apache.velocity.runtime.directive.Stop
2013-08-06 11:57:05,889 - Loaded System Directive: org.apache.velocity.runtime.directive.Define
2013-08-06 11:57:05,889 - Loaded System Directive: org.apache.velocity.runtime.directive.Break
2013-08-06 11:57:05,889 - Loaded System Directive: org.apache.velocity.runtime.directive.Evaluate
2013-08-06 11:57:05,889 - Loaded System Directive: org.apache.velocity.runtime.directive.Literal
2013-08-06 11:57:05,889 - Loaded System Directive: org.apache.velocity.runtime.directive.Macro
2013-08-06 11:57:05,899 - Loaded System Directive: org.apache.velocity.runtime.directive.Parse
2013-08-06 11:57:05,899 - Loaded System Directive: org.apache.velocity.runtime.directive.Include
2013-08-06 11:57:05,899 - Loaded System Directive: org.apache.velocity.runtime.directive.Foreach
2013-08-06 11:57:05,939 - Created '20' parsers.
2013-08-06 11:57:05,949 - Velocimacro : "velocimacro.library" is not set.  Trying default library: VM_global_library.vm
2013-08-06 11:57:05,949 - Velocimacro : Default library not found.
2013-08-06 11:57:05,949 - Velocimacro : allowInline = true : VMs can be defined inline in templates
2013-08-06 11:57:05,949 - Velocimacro : allowInlineToOverride = false : VMs defined inline may NOT replace previous VM definitions
2013-08-06 11:57:05,949 - Velocimacro : allowInlineLocal = false : VMs defined inline will be global in scope if allowed.
2013-08-06 11:57:05,949 - Velocimacro : autoload off : VM system will not automatically reload global library macros
2013-08-06 11:57:06,231 - Log4JLogChute initialized using file 'velocity.log'
2013-08-06 11:57:06,231 - Initializing Velocity, Calling init()...
2013-08-06 11:57:06,241 - Starting Apache Velocity v1.7 (compiled: 2010-11-19 12:14:37)
2013-08-06 11:57:06,241 - Default Properties File: org\apache\velocity\runtime\defaults\velocity.properties
2013-08-06 11:57:06,241 - Trying to use logger class org.apache.velocity.runtime.log.AvalonLogChute
2013-08-06 11:57:06,241 - Target log system for org.apache.velocity.runtime.log.AvalonLogChute is not available (java.lang.NoClassDefFoundError: org/apache/log/format/Formatter).  Falling back to next log system...
2013-08-06 11:57:06,241 - Trying to use logger class org.apache.velocity.runtime.log.Log4JLogChute
2013-08-06 11:57:06,241 - Using logger class org.apache.velocity.runtime.log.Log4JLogChute
2013-08-06 11:57:06,241 - ResourceLoader instantiated: org.apache.velocity.runtime.resource.loader.FileResourceLoader
2013-08-06 11:57:06,241 - Do unicode file recognition:  false
2013-08-06 11:57:06,241 - FileResourceLoader : adding path '.'
2013-08-06 11:57:06,241 - ResourceCache: initialized (class org.apache.velocity.runtime.resource.ResourceCacheImpl) with class java.util.Collections$SynchronizedMap cache map.
2013-08-06 11:57:06,241 - Loaded System Directive: org.apache.velocity.runtime.directive.Stop
2013-08-06 11:57:06,241 - Loaded System Directive: org.apache.velocity.runtime.directive.Define
2013-08-06 11:57:06,241 - Loaded System Directive: org.apache.velocity.runtime.directive.Break
2013-08-06 11:57:06,241 - Loaded System Directive: org.apache.velocity.runtime.directive.Evaluate
2013-08-06 11:57:06,241 - Loaded System Directive: org.apache.velocity.runtime.directive.Literal
2013-08-06 11:57:06,241 - Loaded System Directive: org.apache.velocity.runtime.directive.Macro
2013-08-06 11:57:06,241 - Loaded System Directive: org.apache.velocity.runtime.directive.Parse
2013-08-06 11:57:06,241 - Loaded System Directive: org.apache.velocity.runtime.directive.Include
2013-08-06 11:57:06,241 - Loaded System Directive: org.apache.velocity.runtime.directive.Foreach
2013-08-06 11:57:06,241 - Created '20' parsers.
2013-08-06 11:57:06,241 - Velocimacro : "velocimacro.library" is not set.  Trying default library: VM_global_library.vm
2013-08-06 11:57:06,241 - Velocimacro : Default library not found.
2013-08-06 11:57:06,241 - Velocimacro : allowInline = true : VMs can be defined inline in templates
2013-08-06 11:57:06,241 - Velocimacro : allowInlineToOverride = false : VMs defined inline may NOT replace previous VM definitions
2013-08-06 11:57:06,241 - Velocimacro : allowInlineLocal = false : VMs defined inline will be global in scope if allowed.
2013-08-06 11:57:06,241 - Velocimacro : autoload off : VM system will not automatically reload global library macros
2013-08-06 11:57:06,251 - Log4JLogChute initialized using file 'velocity.log'
2013-08-06 11:57:06,251 - Log4JLogChute initialized using file 'velocity.log'
2013-08-06 11:57:06,251 - Initializing Velocity, Calling init()...
2013-08-06 11:57:06,251 - Initializing Velocity, Calling init()...
2013-08-06 11:57:06,251 - Starting Apache Velocity v1.7 (compiled: 2010-11-19 12:14:37)
2013-08-06 11:57:06,251 - Starting Apache Velocity v1.7 (compiled: 2010-11-19 12:14:37)
2013-08-06 11:57:06,251 - Default Properties File: org\apache\velocity\runtime\defaults\velocity.properties
2013-08-06 11:57:06,251 - Default Properties File: org\apache\velocity\runtime\defaults\velocity.properties
2013-08-06 11:57:06,251 - Trying to use logger class org.apache.velocity.runtime.log.AvalonLogChute
2013-08-06 11:57:06,251 - Trying to use logger class org.apache.velocity.runtime.log.AvalonLogChute
2013-08-06 11:57:06,251 - Target log system for org.apache.velocity.runtime.log.AvalonLogChute is not available (java.lang.NoClassDefFoundError: org/apache/log/format/Formatter).  Falling back to next log system...
2013-08-06 11:57:06,251 - Target log system for org.apache.velocity.runtime.log.AvalonLogChute is not available (java.lang.NoClassDefFoundError: org/apache/log/format/Formatter).  Falling back to next log system...
2013-08-06 11:57:06,251 - Trying to use logger class org.apache.velocity.runtime.log.Log4JLogChute
2013-08-06 11:57:06,251 - Trying to use logger class org.apache.velocity.runtime.log.Log4JLogChute
2013-08-06 11:57:06,251 - Using logger class org.apache.velocity.runtime.log.Log4JLogChute
2013-08-06 11:57:06,251 - Using logger class org.apache.velocity.runtime.log.Log4JLogChute
2013-08-06 11:57:06,251 - ResourceLoader instantiated: org.apache.velocity.runtime.resource.loader.FileResourceLoader
2013-08-06 11:57:06,251 - ResourceLoader instantiated: org.apache.velocity.runtime.resource.loader.FileResourceLoader
2013-08-06 11:57:06,251 - Do unicode file recognition:  false
2013-08-06 11:57:06,251 - Do unicode file recognition:  false
2013-08-06 11:57:06,251 - FileResourceLoader : adding path '.'
2013-08-06 11:57:06,251 - FileResourceLoader : adding path '.'
2013-08-06 11:57:06,251 - ResourceCache: initialized (class org.apache.velocity.runtime.resource.ResourceCacheImpl) with class java.util.Collections$SynchronizedMap cache map.
2013-08-06 11:57:06,251 - ResourceCache: initialized (class org.apache.velocity.runtime.resource.ResourceCacheImpl) with class java.util.Collections$SynchronizedMap cache map.
2013-08-06 11:57:06,251 - Loaded System Directive: org.apache.velocity.runtime.directive.Stop
2013-08-06 11:57:06,251 - Loaded System Directive: org.apache.velocity.runtime.directive.Stop
2013-08-06 11:57:06,251 - Loaded System Directive: org.apache.velocity.runtime.directive.Define
2013-08-06 11:57:06,251 - Loaded System Directive: org.apache.velocity.runtime.directive.Define
2013-08-06 11:57:06,251 - Loaded System Directive: org.apache.velocity.runtime.directive.Break
2013-08-06 11:57:06,251 - Loaded System Directive: org.apache.velocity.runtime.directive.Break
2013-08-06 11:57:06,271 - Loaded System Directive: org.apache.velocity.runtime.directive.Evaluate
2013-08-06 11:57:06,271 - Loaded System Directive: org.apache.velocity.runtime.directive.Evaluate
2013-08-06 11:57:06,271 - Loaded System Directive: org.apache.velocity.runtime.directive.Literal
2013-08-06 11:57:06,271 - Loaded System Directive: org.apache.velocity.runtime.directive.Literal
2013-08-06 11:57:06,271 - Loaded System Directive: org.apache.velocity.runtime.directive.Macro
2013-08-06 11:57:06,271 - Loaded System Directive: org.apache.velocity.runtime.directive.Macro
2013-08-06 11:57:06,271 - Loaded System Directive: org.apache.velocity.runtime.directive.Parse
2013-08-06 11:57:06,271 - Loaded System Directive: org.apache.velocity.runtime.directive.Parse
2013-08-06 11:57:06,271 - Loaded System Directive: org.apache.velocity.runtime.directive.Include
2013-08-06 11:57:06,271 - Loaded System Directive: org.apache.velocity.runtime.directive.Include
2013-08-06 11:57:06,271 - Loaded System Directive: org.apache.velocity.runtime.directive.Foreach
2013-08-06 11:57:06,271 - Loaded System Directive: org.apache.velocity.runtime.directive.Foreach
2013-08-06 11:57:06,285 - Created '20' parsers.
2013-08-06 11:57:06,285 - Created '20' parsers.
2013-08-06 11:57:06,286 - Velocimacro : "velocimacro.library" is not set.  Trying default library: VM_global_library.vm
2013-08-06 11:57:06,286 - Velocimacro : "velocimacro.library" is not set.  Trying default library: VM_global_library.vm
2013-08-06 11:57:06,286 - Velocimacro : Default library not found.
2013-08-06 11:57:06,286 - Velocimacro : Default library not found.
2013-08-06 11:57:06,286 - Velocimacro : allowInline = true : VMs can be defined inline in templates
2013-08-06 11:57:06,286 - Velocimacro : allowInline = true : VMs can be defined inline in templates
2013-08-06 11:57:06,286 - Velocimacro : allowInlineToOverride = false : VMs defined inline may NOT replace previous VM definitions
2013-08-06 11:57:06,286 - Velocimacro : allowInlineToOverride = false : VMs defined inline may NOT replace previous VM definitions
2013-08-06 11:57:06,286 - Velocimacro : allowInlineLocal = false : VMs defined inline will be global in scope if allowed.
2013-08-06 11:57:06,286 - Velocimacro : allowInlineLocal = false : VMs defined inline will be global in scope if allowed.
2013-08-06 11:57:06,286 - Velocimacro : autoload off : VM system will not automatically reload global library macros
2013-08-06 11:57:06,286 - Velocimacro : autoload off : VM system will not automatically reload global library macros
2013-08-09 21:10:45,659 - Log4JLogChute initialized using file 'velocity.log'
2013-08-09 21:10:45,699 - Initializing Velocity, Calling init()...
2013-08-09 21:10:45,699 - Starting Apache Velocity v1.7 (compiled: 2010-11-19 12:14:37)
2013-08-09 21:10:45,699 - Default Properties File: org\apache\velocity\runtime\defaults\velocity.properties
2013-08-09 21:10:45,699 - Trying to use logger class org.apache.velocity.runtime.log.AvalonLogChute
2013-08-09 21:10:45,699 - Target log system for org.apache.velocity.runtime.log.AvalonLogChute is not available (java.lang.NoClassDefFoundError: org/apache/log/format/Formatter).  Falling back to next log system...
2013-08-09 21:10:45,699 - Trying to use logger class org.apache.velocity.runtime.log.Log4JLogChute
2013-08-09 21:10:45,699 - Using logger class org.apache.velocity.runtime.log.Log4JLogChute
2013-08-09 21:10:45,709 - ResourceLoader instantiated: org.apache.velocity.runtime.resource.loader.FileResourceLoader
2013-08-09 21:10:45,719 - Do unicode file recognition:  false
2013-08-09 21:10:45,719 - FileResourceLoader : adding path '.'
2013-08-09 21:10:45,739 - ResourceCache: initialized (class org.apache.velocity.runtime.resource.ResourceCacheImpl) with class java.util.Collections$SynchronizedMap cache map.
2013-08-09 21:10:45,739 - Loaded System Directive: org.apache.velocity.runtime.directive.Stop
2013-08-09 21:10:45,739 - Loaded System Directive: org.apache.velocity.runtime.directive.Define
2013-08-09 21:10:45,739 - Loaded System Directive: org.apache.velocity.runtime.directive.Break
2013-08-09 21:10:45,749 - Loaded System Directive: org.apache.velocity.runtime.directive.Evaluate
2013-08-09 21:10:45,749 - Loaded System Directive: org.apache.velocity.runtime.directive.Literal
2013-08-09 21:10:45,749 - Loaded System Directive: org.apache.velocity.runtime.directive.Macro
2013-08-09 21:10:45,749 - Loaded System Directive: org.apache.velocity.runtime.directive.Parse
2013-08-09 21:10:45,749 - Loaded System Directive: org.apache.velocity.runtime.directive.Include
2013-08-09 21:10:45,749 - Loaded System Directive: org.apache.velocity.runtime.directive.Foreach
2013-08-09 21:10:45,799 - Created '20' parsers.
2013-08-09 21:10:45,809 - Velocimacro : "velocimacro.library" is not set.  Trying default library: VM_global_library.vm
2013-08-09 21:10:45,809 - Velocimacro : Default library not found.
2013-08-09 21:10:45,809 - Velocimacro : allowInline = true : VMs can be defined inline in templates
2013-08-09 21:10:45,809 - Velocimacro : allowInlineToOverride = false : VMs defined inline may NOT replace previous VM definitions
2013-08-09 21:10:45,809 - Velocimacro : allowInlineLocal = false : VMs defined inline will be global in scope if allowed.
2013-08-09 21:10:45,809 - Velocimacro : autoload off : VM system will not automatically reload global library macros
2013-08-09 21:10:46,086 - Log4JLogChute initialized using file 'velocity.log'
2013-08-09 21:10:46,086 - Initializing Velocity, Calling init()...
2013-08-09 21:10:46,086 - Starting Apache Velocity v1.7 (compiled: 2010-11-19 12:14:37)
2013-08-09 21:10:46,086 - Default Properties File: org\apache\velocity\runtime\defaults\velocity.properties
2013-08-09 21:10:46,087 - Trying to use logger class org.apache.velocity.runtime.log.AvalonLogChute
2013-08-09 21:10:46,087 - Target log system for org.apache.velocity.runtime.log.AvalonLogChute is not available (java.lang.NoClassDefFoundError: org/apache/log/format/Formatter).  Falling back to next log system...
2013-08-09 21:10:46,087 - Trying to use logger class org.apache.velocity.runtime.log.Log4JLogChute
2013-08-09 21:10:46,087 - Using logger class org.apache.velocity.runtime.log.Log4JLogChute
2013-08-09 21:10:46,087 - ResourceLoader instantiated: org.apache.velocity.runtime.resource.loader.FileResourceLoader
2013-08-09 21:10:46,087 - Do unicode file recognition:  false
2013-08-09 21:10:46,087 - FileResourceLoader : adding path '.'
2013-08-09 21:10:46,087 - ResourceCache: initialized (class org.apache.velocity.runtime.resource.ResourceCacheImpl) with class java.util.Collections$SynchronizedMap cache map.
2013-08-09 21:10:46,093 - Loaded System Directive: org.apache.velocity.runtime.directive.Stop
2013-08-09 21:10:46,094 - Loaded System Directive: org.apache.velocity.runtime.directive.Define
2013-08-09 21:10:46,094 - Loaded System Directive: org.apache.velocity.runtime.directive.Break
2013-08-09 21:10:46,094 - Loaded System Directive: org.apache.velocity.runtime.directive.Evaluate
2013-08-09 21:10:46,094 - Loaded System Directive: org.apache.velocity.runtime.directive.Literal
2013-08-09 21:10:46,094 - Loaded System Directive: org.apache.velocity.runtime.directive.Macro
2013-08-09 21:10:46,094 - Loaded System Directive: org.apache.velocity.runtime.directive.Parse
2013-08-09 21:10:46,094 - Loaded System Directive: org.apache.velocity.runtime.directive.Include
2013-08-09 21:10:46,094 - Loaded System Directive: org.apache.velocity.runtime.directive.Foreach
2013-08-09 21:10:46,096 - Created '20' parsers.
2013-08-09 21:10:46,096 - Velocimacro : "velocimacro.library" is not set.  Trying default library: VM_global_library.vm
2013-08-09 21:10:46,096 - Velocimacro : Default library not found.
2013-08-09 21:10:46,096 - Velocimacro : allowInline = true : VMs can be defined inline in templates
2013-08-09 21:10:46,096 - Velocimacro : allowInlineToOverride = false : VMs defined inline may NOT replace previous VM definitions
2013-08-09 21:10:46,096 - Velocimacro : allowInlineLocal = false : VMs defined inline will be global in scope if allowed.
2013-08-09 21:10:46,096 - Velocimacro : autoload off : VM system will not automatically reload global library macros
2013-08-09 21:10:46,103 - Log4JLogChute initialized using file 'velocity.log'
2013-08-09 21:10:46,103 - Log4JLogChute initialized using file 'velocity.log'
2013-08-09 21:10:46,103 - Initializing Velocity, Calling init()...
2013-08-09 21:10:46,103 - Initializing Velocity, Calling init()...
2013-08-09 21:10:46,103 - Starting Apache Velocity v1.7 (compiled: 2010-11-19 12:14:37)
2013-08-09 21:10:46,103 - Starting Apache Velocity v1.7 (compiled: 2010-11-19 12:14:37)
2013-08-09 21:10:46,103 - Default Properties File: org\apache\velocity\runtime\defaults\velocity.properties
2013-08-09 21:10:46,103 - Default Properties File: org\apache\velocity\runtime\defaults\velocity.properties
2013-08-09 21:10:46,103 - Trying to use logger class org.apache.velocity.runtime.log.AvalonLogChute
2013-08-09 21:10:46,103 - Trying to use logger class org.apache.velocity.runtime.log.AvalonLogChute
2013-08-09 21:10:46,103 - Target log system for org.apache.velocity.runtime.log.AvalonLogChute is not available (java.lang.NoClassDefFoundError: org/apache/log/format/Formatter).  Falling back to next log system...
2013-08-09 21:10:46,103 - Target log system for org.apache.velocity.runtime.log.AvalonLogChute is not available (java.lang.NoClassDefFoundError: org/apache/log/format/Formatter).  Falling back to next log system...
2013-08-09 21:10:46,103 - Trying to use logger class org.apache.velocity.runtime.log.Log4JLogChute
2013-08-09 21:10:46,103 - Trying to use logger class org.apache.velocity.runtime.log.Log4JLogChute
2013-08-09 21:10:46,103 - Using logger class org.apache.velocity.runtime.log.Log4JLogChute
2013-08-09 21:10:46,103 - Using logger class org.apache.velocity.runtime.log.Log4JLogChute
2013-08-09 21:10:46,103 - ResourceLoader instantiated: org.apache.velocity.runtime.resource.loader.FileResourceLoader
2013-08-09 21:10:46,103 - ResourceLoader instantiated: org.apache.velocity.runtime.resource.loader.FileResourceLoader
2013-08-09 21:10:46,103 - Do unicode file recognition:  false
2013-08-09 21:10:46,103 - Do unicode file recognition:  false
2013-08-09 21:10:46,103 - FileResourceLoader : adding path '.'
2013-08-09 21:10:46,103 - FileResourceLoader : adding path '.'
2013-08-09 21:10:46,103 - ResourceCache: initialized (class org.apache.velocity.runtime.resource.ResourceCacheImpl) with class java.util.Collections$SynchronizedMap cache map.
2013-08-09 21:10:46,103 - ResourceCache: initialized (class org.apache.velocity.runtime.resource.ResourceCacheImpl) with class java.util.Collections$SynchronizedMap cache map.
2013-08-09 21:10:46,103 - Loaded System Directive: org.apache.velocity.runtime.directive.Stop
2013-08-09 21:10:46,103 - Loaded System Directive: org.apache.velocity.runtime.directive.Stop
2013-08-09 21:10:46,103 - Loaded System Directive: org.apache.velocity.runtime.directive.Define
2013-08-09 21:10:46,103 - Loaded System Directive: org.apache.velocity.runtime.directive.Define
2013-08-09 21:10:46,103 - Loaded System Directive: org.apache.velocity.runtime.directive.Break
2013-08-09 21:10:46,103 - Loaded System Directive: org.apache.velocity.runtime.directive.Break
2013-08-09 21:10:46,103 - Loaded System Directive: org.apache.velocity.runtime.directive.Evaluate
2013-08-09 21:10:46,103 - Loaded System Directive: org.apache.velocity.runtime.directive.Evaluate
2013-08-09 21:10:46,103 - Loaded System Directive: org.apache.velocity.runtime.directive.Literal
2013-08-09 21:10:46,103 - Loaded System Directive: org.apache.velocity.runtime.directive.Literal
2013-08-09 21:10:46,103 - Loaded System Directive: org.apache.velocity.runtime.directive.Macro
2013-08-09 21:10:46,103 - Loaded System Directive: org.apache.velocity.runtime.directive.Macro
2013-08-09 21:10:46,103 - Loaded System Directive: org.apache.velocity.runtime.directive.Parse
2013-08-09 21:10:46,103 - Loaded System Directive: org.apache.velocity.runtime.directive.Parse
2013-08-09 21:10:46,103 - Loaded System Directive: org.apache.velocity.runtime.directive.Include
2013-08-09 21:10:46,103 - Loaded System Directive: org.apache.velocity.runtime.directive.Include
2013-08-09 21:10:46,103 - Loaded System Directive: org.apache.velocity.runtime.directive.Foreach
2013-08-09 21:10:46,103 - Loaded System Directive: org.apache.velocity.runtime.directive.Foreach
2013-08-09 21:10:46,113 - Created '20' parsers.
2013-08-09 21:10:46,113 - Created '20' parsers.
2013-08-09 21:10:46,113 - Velocimacro : "velocimacro.library" is not set.  Trying default library: VM_global_library.vm
2013-08-09 21:10:46,113 - Velocimacro : "velocimacro.library" is not set.  Trying default library: VM_global_library.vm
2013-08-09 21:10:46,113 - Velocimacro : Default library not found.
2013-08-09 21:10:46,113 - Velocimacro : Default library not found.
2013-08-09 21:10:46,113 - Velocimacro : allowInline = true : VMs can be defined inline in templates
2013-08-09 21:10:46,113 - Velocimacro : allowInline = true : VMs can be defined inline in templates
2013-08-09 21:10:46,113 - Velocimacro : allowInlineToOverride = false : VMs defined inline may NOT replace previous VM definitions
2013-08-09 21:10:46,113 - Velocimacro : allowInlineToOverride = false : VMs defined inline may NOT replace previous VM definitions
2013-08-09 21:10:46,113 - Velocimacro : allowInlineLocal = false : VMs defined inline will be global in scope if allowed.
2013-08-09 21:10:46,113 - Velocimacro : allowInlineLocal = false : VMs defined inline will be global in scope if allowed.
2013-08-09 21:10:46,113 - Velocimacro : autoload off : VM system will not automatically reload global library macros
2013-08-09 21:10:46,113 - Velocimacro : autoload off : VM system will not automatically reload global library macros
2013-08-09 21:14:57,679 - Log4JLogChute initialized using file 'velocity.log'
2013-08-09 21:14:57,680 - Initializing Velocity, Calling init()...
2013-08-09 21:14:57,680 - Starting Apache Velocity v1.7 (compiled: 2010-11-19 12:14:37)
2013-08-09 21:14:57,680 - Default Properties File: org\apache\velocity\runtime\defaults\velocity.properties
2013-08-09 21:14:57,680 - Trying to use logger class org.apache.velocity.runtime.log.AvalonLogChute
2013-08-09 21:14:57,680 - Target log system for org.apache.velocity.runtime.log.AvalonLogChute is not available (java.lang.NoClassDefFoundError: org/apache/log/format/Formatter).  Falling back to next log system...
2013-08-09 21:14:57,680 - Trying to use logger class org.apache.velocity.runtime.log.Log4JLogChute
2013-08-09 21:14:57,680 - Using logger class org.apache.velocity.runtime.log.Log4JLogChute
2013-08-09 21:14:57,687 - ResourceLoader instantiated: org.apache.velocity.runtime.resource.loader.FileResourceLoader
2013-08-09 21:14:57,688 - Do unicode file recognition:  false
2013-08-09 21:14:57,688 - FileResourceLoader : adding path '.'
2013-08-09 21:14:57,704 - ResourceCache: initialized (class org.apache.velocity.runtime.resource.ResourceCacheImpl) with class java.util.Collections$SynchronizedMap cache map.
2013-08-09 21:14:57,704 - Loaded System Directive: org.apache.velocity.runtime.directive.Stop
2013-08-09 21:14:57,704 - Loaded System Directive: org.apache.velocity.runtime.directive.Define
2013-08-09 21:14:57,704 - Loaded System Directive: org.apache.velocity.runtime.directive.Break
2013-08-09 21:14:57,704 - Loaded System Directive: org.apache.velocity.runtime.directive.Evaluate
2013-08-09 21:14:57,704 - Loaded System Directive: org.apache.velocity.runtime.directive.Literal
2013-08-09 21:14:57,714 - Loaded System Directive: org.apache.velocity.runtime.directive.Macro
2013-08-09 21:14:57,714 - Loaded System Directive: org.apache.velocity.runtime.directive.Parse
2013-08-09 21:14:57,714 - Loaded System Directive: org.apache.velocity.runtime.directive.Include
2013-08-09 21:14:57,714 - Loaded System Directive: org.apache.velocity.runtime.directive.Foreach
2013-08-09 21:14:57,764 - Created '20' parsers.
2013-08-09 21:14:57,787 - Velocimacro : "velocimacro.library" is not set.  Trying default library: VM_global_library.vm
2013-08-09 21:14:57,787 - Velocimacro : Default library not found.
2013-08-09 21:14:57,787 - Velocimacro : allowInline = true : VMs can be defined inline in templates
2013-08-09 21:14:57,787 - Velocimacro : allowInlineToOverride = false : VMs defined inline may NOT replace previous VM definitions
2013-08-09 21:14:57,787 - Velocimacro : allowInlineLocal = false : VMs defined inline will be global in scope if allowed.
2013-08-09 21:14:57,787 - Velocimacro : autoload off : VM system will not automatically reload global library macros
2013-08-09 21:14:58,046 - Log4JLogChute initialized using file 'velocity.log'
2013-08-09 21:14:58,046 - Initializing Velocity, Calling init()...
2013-08-09 21:14:58,046 - Starting Apache Velocity v1.7 (compiled: 2010-11-19 12:14:37)
2013-08-09 21:14:58,046 - Default Properties File: org\apache\velocity\runtime\defaults\velocity.properties
2013-08-09 21:14:58,046 - Trying to use logger class org.apache.velocity.runtime.log.AvalonLogChute
2013-08-09 21:14:58,046 - Target log system for org.apache.velocity.runtime.log.AvalonLogChute is not available (java.lang.NoClassDefFoundError: org/apache/log/format/Formatter).  Falling back to next log system...
2013-08-09 21:14:58,046 - Trying to use logger class org.apache.velocity.runtime.log.Log4JLogChute
2013-08-09 21:14:58,046 - Using logger class org.apache.velocity.runtime.log.Log4JLogChute
2013-08-09 21:14:58,046 - ResourceLoader instantiated: org.apache.velocity.runtime.resource.loader.FileResourceLoader
2013-08-09 21:14:58,046 - Do unicode file recognition:  false
2013-08-09 21:14:58,056 - FileResourceLoader : adding path '.'
2013-08-09 21:14:58,056 - ResourceCache: initialized (class org.apache.velocity.runtime.resource.ResourceCacheImpl) with class java.util.Collections$SynchronizedMap cache map.
2013-08-09 21:14:58,056 - Loaded System Directive: org.apache.velocity.runtime.directive.Stop
2013-08-09 21:14:58,056 - Loaded System Directive: org.apache.velocity.runtime.directive.Define
2013-08-09 21:14:58,056 - Loaded System Directive: org.apache.velocity.runtime.directive.Break
2013-08-09 21:14:58,056 - Loaded System Directive: org.apache.velocity.runtime.directive.Evaluate
2013-08-09 21:14:58,056 - Loaded System Directive: org.apache.velocity.runtime.directive.Literal
2013-08-09 21:14:58,056 - Loaded System Directive: org.apache.velocity.runtime.directive.Macro
2013-08-09 21:14:58,056 - Loaded System Directive: org.apache.velocity.runtime.directive.Parse
2013-08-09 21:14:58,056 - Loaded System Directive: org.apache.velocity.runtime.directive.Include
2013-08-09 21:14:58,056 - Loaded System Directive: org.apache.velocity.runtime.directive.Foreach
2013-08-09 21:14:58,056 - Created '20' parsers.
2013-08-09 21:14:58,056 - Velocimacro : "velocimacro.library" is not set.  Trying default library: VM_global_library.vm
2013-08-09 21:14:58,056 - Velocimacro : Default library not found.
2013-08-09 21:14:58,056 - Velocimacro : allowInline = true : VMs can be defined inline in templates
2013-08-09 21:14:58,056 - Velocimacro : allowInlineToOverride = false : VMs defined inline may NOT replace previous VM definitions
2013-08-09 21:14:58,056 - Velocimacro : allowInlineLocal = false : VMs defined inline will be global in scope if allowed.
2013-08-09 21:14:58,056 - Velocimacro : autoload off : VM system will not automatically reload global library macros
2013-08-09 21:14:58,066 - Log4JLogChute initialized using file 'velocity.log'
2013-08-09 21:14:58,066 - Log4JLogChute initialized using file 'velocity.log'
2013-08-09 21:14:58,066 - Initializing Velocity, Calling init()...
2013-08-09 21:14:58,066 - Initializing Velocity, Calling init()...
2013-08-09 21:14:58,066 - Starting Apache Velocity v1.7 (compiled: 2010-11-19 12:14:37)
2013-08-09 21:14:58,066 - Starting Apache Velocity v1.7 (compiled: 2010-11-19 12:14:37)
2013-08-09 21:14:58,066 - Default Properties File: org\apache\velocity\runtime\defaults\velocity.properties
2013-08-09 21:14:58,066 - Default Properties File: org\apache\velocity\runtime\defaults\velocity.properties
2013-08-09 21:14:58,066 - Trying to use logger class org.apache.velocity.runtime.log.AvalonLogChute
2013-08-09 21:14:58,066 - Trying to use logger class org.apache.velocity.runtime.log.AvalonLogChute
2013-08-09 21:14:58,066 - Target log system for org.apache.velocity.runtime.log.AvalonLogChute is not available (java.lang.NoClassDefFoundError: org/apache/log/format/Formatter).  Falling back to next log system...
2013-08-09 21:14:58,066 - Target log system for org.apache.velocity.runtime.log.AvalonLogChute is not available (java.lang.NoClassDefFoundError: org/apache/log/format/Formatter).  Falling back to next log system...
2013-08-09 21:14:58,066 - Trying to use logger class org.apache.velocity.runtime.log.Log4JLogChute
2013-08-09 21:14:58,066 - Trying to use logger class org.apache.velocity.runtime.log.Log4JLogChute
2013-08-09 21:14:58,066 - Using logger class org.apache.velocity.runtime.log.Log4JLogChute
2013-08-09 21:14:58,066 - Using logger class org.apache.velocity.runtime.log.Log4JLogChute
2013-08-09 21:14:58,066 - ResourceLoader instantiated: org.apache.velocity.runtime.resource.loader.FileResourceLoader
2013-08-09 21:14:58,066 - ResourceLoader instantiated: org.apache.velocity.runtime.resource.loader.FileResourceLoader
2013-08-09 21:14:58,066 - Do unicode file recognition:  false
2013-08-09 21:14:58,066 - Do unicode file recognition:  false
2013-08-09 21:14:58,066 - FileResourceLoader : adding path '.'
2013-08-09 21:14:58,066 - FileResourceLoader : adding path '.'
2013-08-09 21:14:58,066 - ResourceCache: initialized (class org.apache.velocity.runtime.resource.ResourceCacheImpl) with class java.util.Collections$SynchronizedMap cache map.
2013-08-09 21:14:58,066 - ResourceCache: initialized (class org.apache.velocity.runtime.resource.ResourceCacheImpl) with class java.util.Collections$SynchronizedMap cache map.
2013-08-09 21:14:58,066 - Loaded System Directive: org.apache.velocity.runtime.directive.Stop
2013-08-09 21:14:58,066 - Loaded System Directive: org.apache.velocity.runtime.directive.Stop
2013-08-09 21:14:58,066 - Loaded System Directive: org.apache.velocity.runtime.directive.Define
2013-08-09 21:14:58,066 - Loaded System Directive: org.apache.velocity.runtime.directive.Define
2013-08-09 21:14:58,066 - Loaded System Directive: org.apache.velocity.runtime.directive.Break
2013-08-09 21:14:58,066 - Loaded System Directive: org.apache.velocity.runtime.directive.Break
2013-08-09 21:14:58,066 - Loaded System Directive: org.apache.velocity.runtime.directive.Evaluate
2013-08-09 21:14:58,066 - Loaded System Directive: org.apache.velocity.runtime.directive.Evaluate
2013-08-09 21:14:58,066 - Loaded System Directive: org.apache.velocity.runtime.directive.Literal
2013-08-09 21:14:58,066 - Loaded System Directive: org.apache.velocity.runtime.directive.Literal
2013-08-09 21:14:58,066 - Loaded System Directive: org.apache.velocity.runtime.directive.Macro
2013-08-09 21:14:58,066 - Loaded System Directive: org.apache.velocity.runtime.directive.Macro
2013-08-09 21:14:58,066 - Loaded System Directive: org.apache.velocity.runtime.directive.Parse
2013-08-09 21:14:58,066 - Loaded System Directive: org.apache.velocity.runtime.directive.Parse
2013-08-09 21:14:58,066 - Loaded System Directive: org.apache.velocity.runtime.directive.Include
2013-08-09 21:14:58,066 - Loaded System Directive: org.apache.velocity.runtime.directive.Include
2013-08-09 21:14:58,066 - Loaded System Directive: org.apache.velocity.runtime.directive.Foreach
2013-08-09 21:14:58,066 - Loaded System Directive: org.apache.velocity.runtime.directive.Foreach
2013-08-09 21:14:58,076 - Created '20' parsers.
2013-08-09 21:14:58,076 - Created '20' parsers.
2013-08-09 21:14:58,076 - Velocimacro : "velocimacro.library" is not set.  Trying default library: VM_global_library.vm
2013-08-09 21:14:58,076 - Velocimacro : "velocimacro.library" is not set.  Trying default library: VM_global_library.vm
2013-08-09 21:14:58,076 - Velocimacro : Default library not found.
2013-08-09 21:14:58,076 - Velocimacro : Default library not found.
2013-08-09 21:14:58,076 - Velocimacro : allowInline = true : VMs can be defined inline in templates
2013-08-09 21:14:58,076 - Velocimacro : allowInline = true : VMs can be defined inline in templates
2013-08-09 21:14:58,076 - Velocimacro : allowInlineToOverride = false : VMs defined inline may NOT replace previous VM definitions
2013-08-09 21:14:58,076 - Velocimacro : allowInlineToOverride = false : VMs defined inline may NOT replace previous VM definitions
2013-08-09 21:14:58,076 - Velocimacro : allowInlineLocal = false : VMs defined inline will be global in scope if allowed.
2013-08-09 21:14:58,076 - Velocimacro : allowInlineLocal = false : VMs defined inline will be global in scope if allowed.
2013-08-09 21:14:58,076 - Velocimacro : autoload off : VM system will not automatically reload global library macros
2013-08-09 21:14:58,076 - Velocimacro : autoload off : VM system will not automatically reload global library macros
